<?xml version="1.0" encoding="UTF-8"?>
<!-- Generated by org.testng.reporters.JUnitReportReporter -->
<testsuite hostname="LAPTOP-44JSEHBS" failures="0" tests="6" name="api.test.DDTests" time="8.995" errors="0" timestamp="2023-10-17T16:10:18 IST" skipped="0">
  <testcase classname="api.test.DDTests" name="testPostUser" time="1.500"/>
  <system-out/>
  <testcase classname="api.test.DDTests" name="testPostUser" time="1.436"/>
  <system-out/>
  <testcase classname="api.test.DDTests" name="testPostUser" time="1.459"/>
  <system-out/>
  <testcase classname="api.test.DDTests" name="testDeleteUserByName" time="1.598"/>
  <system-out/>
  <testcase classname="api.test.DDTests" name="testDeleteUserByName" time="1.494"/>
  <system-out/>
  <testcase classname="api.test.DDTests" name="testDeleteUserByName" time="1.508"/>
  <system-out/>
</testsuite> <!-- api.test.DDTests -->
