<?xml version="1.0" encoding="UTF-8"?>
<!-- Generated by org.testng.reporters.JUnitReportReporter -->
<testsuite hostname="LAPTOP-44JSEHBS" failures="0" tests="6" name="api.test.DDTests" time="8.841" errors="0" timestamp="2023-10-08T12:33:17 IST" skipped="0">
  <testcase classname="api.test.DDTests" name="testPostUser" time="1.427"/>
  <system-out/>
  <testcase classname="api.test.DDTests" name="testPostUser" time="1.362"/>
  <system-out/>
  <testcase classname="api.test.DDTests" name="testPostUser" time="1.527"/>
  <system-out/>
  <testcase classname="api.test.DDTests" name="testDeleteUserByName" time="1.568"/>
  <system-out/>
  <testcase classname="api.test.DDTests" name="testDeleteUserByName" time="1.494"/>
  <system-out/>
  <testcase classname="api.test.DDTests" name="testDeleteUserByName" time="1.463"/>
  <system-out/>
</testsuite> <!-- api.test.DDTests -->
