<?xml version="1.0" encoding="UTF-8"?>
<!-- Generated by org.testng.reporters.JUnitReportReporter -->
<testsuite hostname="LAPTOP-44JSEHBS" failures="0" tests="6" name="api.test.DDTests" time="6.864" errors="0" timestamp="2023-09-10T10:07:15 IST" skipped="0">
  <testcase classname="api.test.DDTests" name="testPostUser" time="1.118"/>
  <system-out/>
  <testcase classname="api.test.DDTests" name="testPostUser" time="1.109"/>
  <system-out/>
  <testcase classname="api.test.DDTests" name="testPostUser" time="1.213"/>
  <system-out/>
  <testcase classname="api.test.DDTests" name="testDeleteUserByName" time="1.091"/>
  <system-out/>
  <testcase classname="api.test.DDTests" name="testDeleteUserByName" time="1.188"/>
  <system-out/>
  <testcase classname="api.test.DDTests" name="testDeleteUserByName" time="1.145"/>
  <system-out/>
</testsuite> <!-- api.test.DDTests -->
