<?xml version="1.0" encoding="UTF-8"?>
<!-- Generated by org.testng.reporters.JUnitReportReporter -->
<testsuite hostname="LAPTOP-44JSEHBS" failures="0" tests="4" name="api.test.UserTests2" time="10.612" errors="0" timestamp="2023-10-08T12:33:17 IST" skipped="0">
  <testcase classname="api.test.UserTests2" name="testPostUser" time="3.363"/>
  <system-out/>
  <testcase classname="api.test.UserTests2" name="testGetUserByName" time="2.055"/>
  <system-out/>
  <testcase classname="api.test.UserTests2" name="testUpdateUserByName" time="3.664"/>
  <system-out/>
  <testcase classname="api.test.UserTests2" name="testDeleteUserByName" time="1.530"/>
  <system-out/>
</testsuite> <!-- api.test.UserTests2 -->
