<?xml version="1.0" encoding="UTF-8"?>
<!-- Generated by org.testng.reporters.JUnitReportReporter -->
<testsuite hostname="LAPTOP-44JSEHBS" failures="0" tests="4" name="api.test.UserTests" time="10.107" errors="0" timestamp="2023-07-02T11:12:20 IST" skipped="0">
  <testcase classname="api.test.UserTests" name="testPostUser" time="3.783"/>
  <system-out/>
  <testcase classname="api.test.UserTests" name="testGetUserByName" time="1.762"/>
  <system-out/>
  <testcase classname="api.test.UserTests" name="testUpdateUserByName" time="3.063"/>
  <system-out/>
  <testcase classname="api.test.UserTests" name="testDeleteUserByName" time="1.499"/>
  <system-out/>
</testsuite> <!-- api.test.UserTests -->
