<?xml version="1.0" encoding="UTF-8"?>
<!-- Generated by org.testng.reporters.JUnitReportReporter -->
<testsuite hostname="LAPTOP-44JSEHBS" failures="0" tests="4" name="api.test.UserTests2" time="9.237" errors="0" timestamp="2023-10-17T16:10:18 IST" skipped="0">
  <testcase classname="api.test.UserTests2" name="testPostUser" time="3.061"/>
  <system-out/>
  <testcase classname="api.test.UserTests2" name="testGetUserByName" time="1.589"/>
  <system-out/>
  <testcase classname="api.test.UserTests2" name="testUpdateUserByName" time="3.055"/>
  <system-out/>
  <testcase classname="api.test.UserTests2" name="testDeleteUserByName" time="1.532"/>
  <system-out/>
</testsuite> <!-- api.test.UserTests2 -->
