<?xml version="1.0" encoding="UTF-8"?>
<!-- Generated by org.testng.reporters.JUnitReportReporter -->
<testsuite hostname="LAPTOP-44JSEHBS" failures="0" tests="6" name="api.test.DDTests" time="7.489" errors="0" timestamp="2023-10-05T20:46:15 IST" skipped="0">
  <testcase classname="api.test.DDTests" name="testPostUser" time="1.208"/>
  <system-out/>
  <testcase classname="api.test.DDTests" name="testPostUser" time="1.257"/>
  <system-out/>
  <testcase classname="api.test.DDTests" name="testPostUser" time="1.249"/>
  <system-out/>
  <testcase classname="api.test.DDTests" name="testDeleteUserByName" time="1.439"/>
  <system-out/>
  <testcase classname="api.test.DDTests" name="testDeleteUserByName" time="1.200"/>
  <system-out/>
  <testcase classname="api.test.DDTests" name="testDeleteUserByName" time="1.136"/>
  <system-out/>
</testsuite> <!-- api.test.DDTests -->
