<?xml version="1.0" encoding="UTF-8"?>
<!-- Generated by org.testng.reporters.JUnitReportReporter -->
<testsuite hostname="LAPTOP-44JSEHBS" failures="0" tests="4" name="api.test.UserTests2" time="7.353" errors="0" timestamp="2023-10-05T20:46:15 IST" skipped="0">
  <testcase classname="api.test.UserTests2" name="testPostUser" time="2.473"/>
  <system-out/>
  <testcase classname="api.test.UserTests2" name="testGetUserByName" time="1.248"/>
  <system-out/>
  <testcase classname="api.test.UserTests2" name="testUpdateUserByName" time="2.432"/>
  <system-out/>
  <testcase classname="api.test.UserTests2" name="testDeleteUserByName" time="1.200"/>
  <system-out/>
</testsuite> <!-- api.test.UserTests2 -->
